<?xml version="1.0" encoding="UTF-8"?>
<!-- Generated by org.testng.reporters.JUnitReportReporter -->
<testsuite skipped="0" hostname="DESKTOP-4TP3DBB" name="testScripts.Module1" tests="1" failures="0" timestamp="12 Apr 2019 04:57:05 GMT" time="65.159" errors="0">
  <testcase name="TC101" time="65.159" classname="testScripts.Module1"/>
</testsuite> <!-- testScripts.Module1 -->
