<?xml version="1.0" encoding="UTF-8"?>
<!-- Generated by org.testng.reporters.JUnitReportReporter -->
<testsuite skipped="0" hostname="DESKTOP-4TP3DBB" name="testScripts.Module2" tests="1" failures="0" timestamp="12 Apr 2019 04:57:05 GMT" time="41.261" errors="0">
  <testcase name="TC201" time="41.261" classname="testScripts.Module2"/>
</testsuite> <!-- testScripts.Module2 -->
